zsh
tmux-git
sddm-git
sddm-s6
kitty
eza-git
bat
less
neofetch
starship-git
oh-my-zsh-git
ttf-iosevka-nerd
ttf-uzura-font
inter-font
zsh-syntax-highlighting-git
zsh-autosuggestions-git
pipewire-pulse
pipewire-alsa
pipewire-jack
wireplumber
lsp-plugins
calf
glow-git
mpd
ncmpcpp
mpv
playerctl-git
yt-dlp
python-mutagen
tofi-git
lazygit-git
neovim-git
dunst-git
swayidle-git
swaylock-effects-git
grim
slurp
swappy
wl-clipboard
ripgrep
npm
gtk-engine-murrine
bibata-cursor-theme
material-gtk-theme-deepocean-git
kora-icon-theme-git
dbus-s6
opentabletdriver-git
hyprland-git
xdg-desktop-portal-hyprland-git
eww-git
bottom
cava-git
lf-git
